<?xml version="1.0" encoding="UTF-8"?>
<!-- Generated by org.testng.reporters.JUnitXMLReporter -->
<testsuite hostname="P3BLAP-G01FRCV" ignored="0" name="Test" tests="3" failures="0" timestamp="05 May 2020 08:58:19 GMT" time="141.098" errors="0">
  <testcase name="task" time="38.697" classname="Interview.Interview.Assignment2"/>
  <testcase name="login" time="17.379" classname="Interview.Interview.Assignment1"/>
  <testcase name="login" time="10.648" classname="Interview.Interview.Assignment3"/>
</testsuite> <!-- Test -->
