<?xml version="1.0" encoding="UTF-8"?>
<testng-results skipped="0" failed="0" ignored="0" total="3" passed="3">
  <reporter-output>
  </reporter-output>
  <suite name="Suite" duration-ms="141098" started-at="2020-05-05T08:55:58Z" finished-at="2020-05-05T08:58:19Z">
    <groups>
    </groups>
    <test name="Test" duration-ms="141098" started-at="2020-05-05T08:55:58Z" finished-at="2020-05-05T08:58:19Z">
      <class name="Interview.Interview.Assignment3">
        <test-method status="PASS" signature="setup1()[pri:0, instance:Interview.Interview.Assignment3@3532ec19]" name="setup1" is-config="true" duration-ms="15299" started-at="2020-05-05T08:57:53Z" finished-at="2020-05-05T08:58:08Z">
          <reporter-output>
          </reporter-output>
        </test-method> <!-- setup1 -->
        <test-method status="PASS" signature="login()[pri:0, instance:Interview.Interview.Assignment3@3532ec19]" name="login" duration-ms="10648" started-at="2020-05-05T08:58:08Z" finished-at="2020-05-05T08:58:19Z">
          <reporter-output>
          </reporter-output>
        </test-method> <!-- login -->
      </class> <!-- Interview.Interview.Assignment3 -->
      <class name="Interview.Interview.Assignment1">
        <test-method status="PASS" signature="setup1()[pri:0, instance:Interview.Interview.Assignment1@26653222]" name="setup1" is-config="true" duration-ms="21988" started-at="2020-05-05T08:57:10Z" finished-at="2020-05-05T08:57:32Z">
          <reporter-output>
          </reporter-output>
        </test-method> <!-- setup1 -->
        <test-method status="PASS" signature="login()[pri:0, instance:Interview.Interview.Assignment1@26653222]" name="login" duration-ms="17379" started-at="2020-05-05T08:57:32Z" finished-at="2020-05-05T08:57:50Z">
          <reporter-output>
          </reporter-output>
        </test-method> <!-- login -->
        <test-method status="PASS" signature="teardown()[pri:0, instance:Interview.Interview.Assignment1@26653222]" name="teardown" is-config="true" duration-ms="2878" started-at="2020-05-05T08:57:50Z" finished-at="2020-05-05T08:57:53Z">
          <reporter-output>
          </reporter-output>
        </test-method> <!-- teardown -->
      </class> <!-- Interview.Interview.Assignment1 -->
      <class name="Interview.Interview.Assignment2">
        <test-method status="PASS" signature="initialization()[pri:0, instance:Interview.Interview.Assignment2@5e5792a0]" name="initialization" is-config="true" duration-ms="31285" started-at="2020-05-05T08:55:58Z" finished-at="2020-05-05T08:56:29Z">
          <reporter-output>
          </reporter-output>
        </test-method> <!-- initialization -->
        <test-method status="PASS" signature="task()[pri:0, instance:Interview.Interview.Assignment2@5e5792a0]" name="task" duration-ms="38697" started-at="2020-05-05T08:56:29Z" finished-at="2020-05-05T08:57:08Z">
          <reporter-output>
          </reporter-output>
        </test-method> <!-- task -->
        <test-method status="PASS" signature="tearDown()[pri:0, instance:Interview.Interview.Assignment2@5e5792a0]" name="tearDown" is-config="true" duration-ms="2901" started-at="2020-05-05T08:57:08Z" finished-at="2020-05-05T08:57:10Z">
          <reporter-output>
          </reporter-output>
        </test-method> <!-- tearDown -->
      </class> <!-- Interview.Interview.Assignment2 -->
    </test> <!-- Test -->
  </suite> <!-- Suite -->
</testng-results>
